This is pdfTeX, Version 3.14159265-2.6-1.40.17 (MiKTeX 2.9 64-bit) (preloaded format=pdflatex 2018.9.24)  8 JAN 2019 23:30
entering extended mode
**./BaocaoDIP.tex
(BaocaoDIP.tex
LaTeX2e <2016/03/31>
Babel <3.9r> and hyphenation patterns for 75 language(s) loaded.
(IEEEtran.cls
Document Class: IEEEtran 2007/03/05 V1.7a by Michael Shell
-- See the "IEEEtran_HOWTO" manual for usage information.
-- http://www.michaelshell.org/tex/ieeetran/
\@IEEEtrantmpdimenA=\dimen102
\@IEEEtrantmpdimenB=\dimen103
\@IEEEtrantmpcountA=\count79
\@IEEEtrantmpcountB=\count80
\@IEEEtrantmptoksA=\toks14
LaTeX Font Info:    Try loading font information for OT1+ptm on input line 366.

("C:\Program Files\MiKTeX 2.9\tex\latex\psnfss\ot1ptm.fd"
File: ot1ptm.fd 2001/06/04 font definitions for OT1/ptm.
)
-- Using 210mm x 297mm (a4) paper.
-- Using PDF output.
\@IEEEnormalsizeunitybaselineskip=\dimen104
-- This is a 10 point document.
\CLASSINFOnormalsizebaselineskip=\dimen105
\CLASSINFOnormalsizeunitybaselineskip=\dimen106
\IEEEnormaljot=\dimen107
LaTeX Font Info:    Font shape `OT1/ptm/bx/n' in size <5> not available
(Font)              Font shape `OT1/ptm/b/n' tried instead on input line 724.
LaTeX Font Info:    Font shape `OT1/ptm/bx/it' in size <5> not available
(Font)              Font shape `OT1/ptm/b/it' tried instead on input line 724.
LaTeX Font Info:    Font shape `OT1/ptm/bx/n' in size <7> not available
(Font)              Font shape `OT1/ptm/b/n' tried instead on input line 724.
LaTeX Font Info:    Font shape `OT1/ptm/bx/it' in size <7> not available
(Font)              Font shape `OT1/ptm/b/it' tried instead on input line 724.
LaTeX Font Info:    Font shape `OT1/ptm/bx/n' in size <8> not available
(Font)              Font shape `OT1/ptm/b/n' tried instead on input line 724.
LaTeX Font Info:    Font shape `OT1/ptm/bx/it' in size <8> not available
(Font)              Font shape `OT1/ptm/b/it' tried instead on input line 724.
LaTeX Font Info:    Font shape `OT1/ptm/bx/n' in size <9> not available
(Font)              Font shape `OT1/ptm/b/n' tried instead on input line 724.
LaTeX Font Info:    Font shape `OT1/ptm/bx/it' in size <9> not available
(Font)              Font shape `OT1/ptm/b/it' tried instead on input line 724.
LaTeX Font Info:    Font shape `OT1/ptm/bx/n' in size <10> not available
(Font)              Font shape `OT1/ptm/b/n' tried instead on input line 724.
LaTeX Font Info:    Font shape `OT1/ptm/bx/it' in size <10> not available
(Font)              Font shape `OT1/ptm/b/it' tried instead on input line 724.
LaTeX Font Info:    Font shape `OT1/ptm/bx/n' in size <11> not available
(Font)              Font shape `OT1/ptm/b/n' tried instead on input line 724.
LaTeX Font Info:    Font shape `OT1/ptm/bx/it' in size <11> not available
(Font)              Font shape `OT1/ptm/b/it' tried instead on input line 724.
LaTeX Font Info:    Font shape `OT1/ptm/bx/n' in size <12> not available
(Font)              Font shape `OT1/ptm/b/n' tried instead on input line 724.
LaTeX Font Info:    Font shape `OT1/ptm/bx/it' in size <12> not available
(Font)              Font shape `OT1/ptm/b/it' tried instead on input line 724.
LaTeX Font Info:    Font shape `OT1/ptm/bx/n' in size <17> not available
(Font)              Font shape `OT1/ptm/b/n' tried instead on input line 724.
LaTeX Font Info:    Font shape `OT1/ptm/bx/it' in size <17> not available
(Font)              Font shape `OT1/ptm/b/it' tried instead on input line 724.
LaTeX Font Info:    Font shape `OT1/ptm/bx/n' in size <20> not available
(Font)              Font shape `OT1/ptm/b/n' tried instead on input line 724.
LaTeX Font Info:    Font shape `OT1/ptm/bx/it' in size <20> not available
(Font)              Font shape `OT1/ptm/b/it' tried instead on input line 724.
LaTeX Font Info:    Font shape `OT1/ptm/bx/n' in size <24> not available
(Font)              Font shape `OT1/ptm/b/n' tried instead on input line 724.
LaTeX Font Info:    Font shape `OT1/ptm/bx/it' in size <24> not available
(Font)              Font shape `OT1/ptm/b/it' tried instead on input line 724.
\IEEEilabelindentA=\dimen108
\IEEEilabelindentB=\dimen109
\IEEEilabelindent=\dimen110
\IEEEelabelindent=\dimen111
\IEEEdlabelindent=\dimen112
\IEEElabelindent=\dimen113
\IEEEiednormlabelsep=\dimen114
\IEEEiedmathlabelsep=\dimen115
\IEEEiedtopsep=\skip41
\c@section=\count81
\c@subsection=\count82
\c@subsubsection=\count83
\c@paragraph=\count84
\c@IEEEsubequation=\count85
\abovecaptionskip=\skip42
\belowcaptionskip=\skip43
\c@figure=\count86
\c@table=\count87
\@IEEEeqnnumcols=\count88
\@IEEEeqncolcnt=\count89
\@IEEEtmpitemindent=\dimen116
\c@IEEEbiography=\count90
\@IEEEtranrubishbin=\box26
) ("C:\Program Files\MiKTeX 2.9\tex\generic\oberdiek\ifpdf.sty"
Package: ifpdf 2016/05/14 v3.1 Provides the ifpdf switch
)
("C:\Program Files\MiKTeX 2.9\tex\latex\subfig\subfig.sty"
Package: subfig 2005/06/28 ver: 1.3 subfig package

("C:\Program Files\MiKTeX 2.9\tex\latex\graphics\keyval.sty"
Package: keyval 2014/10/28 v1.15 key=value parser (DPC)
\KV@toks@=\toks15
)
("C:\Program Files\MiKTeX 2.9\tex\latex\caption\caption.sty"
Package: caption 2010/01/09 v3.1m Customizing captions (AR)

("C:\Program Files\MiKTeX 2.9\tex\latex\caption\caption3.sty"
Package: caption3 2010/01/14 v3.1m caption3 kernel (AR)
\captionmargin=\dimen117
\captionmargin@=\dimen118
\captionwidth=\dimen119
\caption@indent=\dimen120
\caption@parindent=\dimen121
\caption@hangindent=\dimen122
Package caption Info: Unknown document class (or package),
(caption)             standard defaults will be used on input line 1084.
)

Package caption Warning: Unsupported document class (or package) detected,
(caption)                usage of the caption package is not recommended.
See the caption package documentation for explanation.

Package caption Info: \@makecaption = \long macro:#1#2->\ifx \@captype \@IEEEta
blestring \footnotesize \begin {center}{\normalfont \footnotesize #1}\\{\normal
font \footnotesize \scshape #2}\end {center}\@IEEEtablecaptionsepspace \else \@
IEEEfigurecaptionsepspace \setbox \@tempboxa \hbox {\normalfont \footnotesize {
#1.}~~ #2}\ifdim \wd \@tempboxa >\hsize \setbox \@tempboxa \hbox {\normalfont \
footnotesize {#1.}~~ }\parbox [t]{\hsize }{\normalfont \footnotesize \noindent 
\unhbox \@tempboxa #2}\else \ifCLASSOPTIONconference \hbox to\hsize {\normalfon
t \footnotesize \hfil \box \@tempboxa \hfil }\else \hbox to\hsize {\normalfont 
\footnotesize \box \@tempboxa \hfil }\fi \fi \fi .
\c@ContinuedFloat=\count91
)
\c@KVtest=\count92
\sf@farskip=\skip44
\sf@captopadj=\dimen123
\sf@capskip=\skip45
\sf@nearskip=\skip46
\c@subfigure=\count93
\c@subfigure@save=\count94
\c@lofdepth=\count95
\c@subtable=\count96
\c@subtable@save=\count97
\c@lotdepth=\count98
\sf@top=\skip47
\sf@bottom=\skip48
) ("C:\Program Files\MiKTeX 2.9\tex\latex\graphics\graphicx.sty"
Package: graphicx 2014/10/28 v1.0g Enhanced LaTeX Graphics (DPC,SPQR)

("C:\Program Files\MiKTeX 2.9\tex\latex\graphics\graphics.sty"
Package: graphics 2016/05/09 v1.0r Standard LaTeX Graphics (DPC,SPQR)

("C:\Program Files\MiKTeX 2.9\tex\latex\graphics\trig.sty"
Package: trig 2016/01/03 v1.10 sin cos tan (DPC)
)
("C:\Program Files\MiKTeX 2.9\tex\latex\00miktex\graphics.cfg"
File: graphics.cfg 2016/01/02 v1.10 sample graphics configuration
)
Package graphics Info: Driver file: pdftex.def on input line 96.

("C:\Program Files\MiKTeX 2.9\tex\latex\pdftex-def\pdftex.def"
File: pdftex.def 2011/05/27 v0.06d Graphics/color for pdfTeX

("C:\Program Files\MiKTeX 2.9\tex\generic\oberdiek\infwarerr.sty"
Package: infwarerr 2016/05/16 v1.4 Providing info/warning/error messages (HO)
)
("C:\Program Files\MiKTeX 2.9\tex\generic\oberdiek\ltxcmds.sty"
Package: ltxcmds 2016/05/16 v1.23 LaTeX kernel commands for general use (HO)
)
\Gread@gobject=\count99
))
\Gin@req@height=\dimen124
\Gin@req@width=\dimen125
)
("C:\Program Files\MiKTeX 2.9\tex\latex\amsmath\amsmath.sty"
Package: amsmath 2016/03/10 v2.15b AMS math features
\@mathmargin=\skip49

For additional information on amsmath, use the `?' option.
("C:\Program Files\MiKTeX 2.9\tex\latex\amsmath\amstext.sty"
Package: amstext 2000/06/29 v2.01 AMS text

("C:\Program Files\MiKTeX 2.9\tex\latex\amsmath\amsgen.sty"
File: amsgen.sty 1999/11/30 v2.0 generic functions
\@emptytoks=\toks16
\ex@=\dimen126
))
("C:\Program Files\MiKTeX 2.9\tex\latex\amsmath\amsbsy.sty"
Package: amsbsy 1999/11/29 v1.2d Bold Symbols
\pmbraise@=\dimen127
)
("C:\Program Files\MiKTeX 2.9\tex\latex\amsmath\amsopn.sty"
Package: amsopn 2016/03/08 v2.02 operator names
)
\inf@bad=\count100
LaTeX Info: Redefining \frac on input line 199.
\uproot@=\count101
\leftroot@=\count102
LaTeX Info: Redefining \overline on input line 297.
\classnum@=\count103
\DOTSCASE@=\count104
LaTeX Info: Redefining \ldots on input line 394.
LaTeX Info: Redefining \dots on input line 397.
LaTeX Info: Redefining \cdots on input line 518.
\Mathstrutbox@=\box27
\strutbox@=\box28
\big@size=\dimen128
LaTeX Font Info:    Redeclaring font encoding OML on input line 634.
LaTeX Font Info:    Redeclaring font encoding OMS on input line 635.
\macc@depth=\count105
\c@MaxMatrixCols=\count106
\dotsspace@=\muskip10
\c@parentequation=\count107
\dspbrk@lvl=\count108
\tag@help=\toks17
\row@=\count109
\column@=\count110
\maxfields@=\count111
\andhelp@=\toks18
\eqnshift@=\dimen129
\alignsep@=\dimen130
\tagshift@=\dimen131
\tagwidth@=\dimen132
\totwidth@=\dimen133
\lineht@=\dimen134
\@envbody=\toks19
\multlinegap=\skip50
\multlinetaggap=\skip51
\mathdisplay@stack=\toks20
LaTeX Info: Redefining \[ on input line 2739.
LaTeX Info: Redefining \] on input line 2740.
)
("C:\Program Files\MiKTeX 2.9\tex\latex\amsmath\amsxtra.sty"
Package: amsxtra 1999/11/15 v1.2c AMS extra commands
LaTeX Info: Redefining \nobreakspace on input line 54.
)
("C:\Program Files\MiKTeX 2.9\tex\latex\amsfonts\amssymb.sty"
Package: amssymb 2013/01/14 v3.01 AMS font symbols

("C:\Program Files\MiKTeX 2.9\tex\latex\amsfonts\amsfonts.sty"
Package: amsfonts 2013/01/14 v3.01 Basic AMSFonts support
\symAMSa=\mathgroup4
\symAMSb=\mathgroup5
LaTeX Font Info:    Overwriting math alphabet `\mathfrak' in version `bold'
(Font)                  U/euf/m/n --> U/euf/b/n on input line 106.
))
("C:\Program Files\MiKTeX 2.9\tex\latex\amscls\amsthm.sty"
Package: amsthm 2015/03/04 v2.20.2
\thm@style=\toks21
\thm@bodyfont=\toks22
\thm@headfont=\toks23
\thm@notefont=\toks24
\thm@headpunct=\toks25
\thm@preskip=\skip52
\thm@postskip=\skip53
\thm@headsep=\skip54
\dth@everypar=\toks26
)
("C:\Program Files\MiKTeX 2.9\tex\latex\base\latexsym.sty"
Package: latexsym 1998/08/17 v2.2e Standard LaTeX package (lasy symbols)
\symlasy=\mathgroup6
LaTeX Font Info:    Overwriting symbol font `lasy' in version `bold'
(Font)                  U/lasy/m/n --> U/lasy/b/n on input line 52.
)
("C:\Program Files\MiKTeX 2.9\tex\latex\amsmath\amscd.sty"
Package: amscd 1999/11/29 v2.0 AMS Commutatitive Diagrams
\athelp@=\toks27
\minaw@=\dimen135
\bigaw@=\dimen136
\minCDarrowwidth=\dimen137
)
("C:\Program Files\MiKTeX 2.9\tex\latex\vntex\vntex.sty"
Package: vntex 2009/07/12 v1.1 support for Vietnamese

("C:\Program Files\MiKTeX 2.9\tex\latex\base\ifthen.sty"
Package: ifthen 2014/09/29 v1.1c Standard LaTeX ifthen package (DPC)
)
("C:\Program Files\MiKTeX 2.9\tex\latex\base\fontenc.sty"
Package: fontenc 2005/09/27 v1.99g Standard LaTeX package

("C:\Program Files\MiKTeX 2.9\tex\latex\vntex\t5enc.def"
File: t5enc.def 2006/11/21 v1.4 Vietnamese T5 encoding
)
LaTeX Font Info:    Try loading font information for T5+ptm on input line 105.

("C:\Program Files\MiKTeX 2.9\tex\latex\vntex\t5ptm.fd"
File: t5utm.fd 2005/08/24 Fontinst v1.929 font definitions for T5/ptm.
))
("C:\Program Files\MiKTeX 2.9\tex\latex\base\inputenc.sty"
Package: inputenc 2015/03/17 v1.2c Input encoding file
\inpenc@prehook=\toks28
\inpenc@posthook=\toks29

("C:\Program Files\MiKTeX 2.9\tex\latex\base\utf8.def"
File: utf8.def 2016/02/28 v1.1s UTF-8 support for inputenc
Now handling font encoding OML ...
... no UTF-8 mapping file for font encoding OML
Now handling font encoding T1 ...
... processing UTF-8 mapping file for font encoding T1

("C:\Program Files\MiKTeX 2.9\tex\latex\base\t1enc.dfu"
File: t1enc.dfu 2016/02/28 v1.1s UTF-8 support for inputenc
   defining Unicode char U+00A0 (decimal 160)
   defining Unicode char U+00A1 (decimal 161)
   defining Unicode char U+00A3 (decimal 163)
   defining Unicode char U+00AB (decimal 171)
   defining Unicode char U+00AD (decimal 173)
   defining Unicode char U+00BB (decimal 187)
   defining Unicode char U+00BF (decimal 191)
   defining Unicode char U+00C0 (decimal 192)
   defining Unicode char U+00C1 (decimal 193)
   defining Unicode char U+00C2 (decimal 194)
   defining Unicode char U+00C3 (decimal 195)
   defining Unicode char U+00C4 (decimal 196)
   defining Unicode char U+00C5 (decimal 197)
   defining Unicode char U+00C6 (decimal 198)
   defining Unicode char U+00C7 (decimal 199)
   defining Unicode char U+00C8 (decimal 200)
   defining Unicode char U+00C9 (decimal 201)
   defining Unicode char U+00CA (decimal 202)
   defining Unicode char U+00CB (decimal 203)
   defining Unicode char U+00CC (decimal 204)
   defining Unicode char U+00CD (decimal 205)
   defining Unicode char U+00CE (decimal 206)
   defining Unicode char U+00CF (decimal 207)
   defining Unicode char U+00D0 (decimal 208)
   defining Unicode char U+00D1 (decimal 209)
   defining Unicode char U+00D2 (decimal 210)
   defining Unicode char U+00D3 (decimal 211)
   defining Unicode char U+00D4 (decimal 212)
   defining Unicode char U+00D5 (decimal 213)
   defining Unicode char U+00D6 (decimal 214)
   defining Unicode char U+00D8 (decimal 216)
   defining Unicode char U+00D9 (decimal 217)
   defining Unicode char U+00DA (decimal 218)
   defining Unicode char U+00DB (decimal 219)
   defining Unicode char U+00DC (decimal 220)
   defining Unicode char U+00DD (decimal 221)
   defining Unicode char U+00DE (decimal 222)
   defining Unicode char U+00DF (decimal 223)
   defining Unicode char U+00E0 (decimal 224)
   defining Unicode char U+00E1 (decimal 225)
   defining Unicode char U+00E2 (decimal 226)
   defining Unicode char U+00E3 (decimal 227)
   defining Unicode char U+00E4 (decimal 228)
   defining Unicode char U+00E5 (decimal 229)
   defining Unicode char U+00E6 (decimal 230)
   defining Unicode char U+00E7 (decimal 231)
   defining Unicode char U+00E8 (decimal 232)
   defining Unicode char U+00E9 (decimal 233)
   defining Unicode char U+00EA (decimal 234)
   defining Unicode char U+00EB (decimal 235)
   defining Unicode char U+00EC (decimal 236)
   defining Unicode char U+00ED (decimal 237)
   defining Unicode char U+00EE (decimal 238)
   defining Unicode char U+00EF (decimal 239)
   defining Unicode char U+00F0 (decimal 240)
   defining Unicode char U+00F1 (decimal 241)
   defining Unicode char U+00F2 (decimal 242)
   defining Unicode char U+00F3 (decimal 243)
   defining Unicode char U+00F4 (decimal 244)
   defining Unicode char U+00F5 (decimal 245)
   defining Unicode char U+00F6 (decimal 246)
   defining Unicode char U+00F8 (decimal 248)
   defining Unicode char U+00F9 (decimal 249)
   defining Unicode char U+00FA (decimal 250)
   defining Unicode char U+00FB (decimal 251)
   defining Unicode char U+00FC (decimal 252)
   defining Unicode char U+00FD (decimal 253)
   defining Unicode char U+00FE (decimal 254)
   defining Unicode char U+00FF (decimal 255)
   defining Unicode char U+0100 (decimal 256)
   defining Unicode char U+0101 (decimal 257)
   defining Unicode char U+0102 (decimal 258)
   defining Unicode char U+0103 (decimal 259)
   defining Unicode char U+0104 (decimal 260)
   defining Unicode char U+0105 (decimal 261)
   defining Unicode char U+0106 (decimal 262)
   defining Unicode char U+0107 (decimal 263)
   defining Unicode char U+0108 (decimal 264)
   defining Unicode char U+0109 (decimal 265)
   defining Unicode char U+010A (decimal 266)
   defining Unicode char U+010B (decimal 267)
   defining Unicode char U+010C (decimal 268)
   defining Unicode char U+010D (decimal 269)
   defining Unicode char U+010E (decimal 270)
   defining Unicode char U+010F (decimal 271)
   defining Unicode char U+0110 (decimal 272)
   defining Unicode char U+0111 (decimal 273)
   defining Unicode char U+0112 (decimal 274)
   defining Unicode char U+0113 (decimal 275)
   defining Unicode char U+0114 (decimal 276)
   defining Unicode char U+0115 (decimal 277)
   defining Unicode char U+0116 (decimal 278)
   defining Unicode char U+0117 (decimal 279)
   defining Unicode char U+0118 (decimal 280)
   defining Unicode char U+0119 (decimal 281)
   defining Unicode char U+011A (decimal 282)
   defining Unicode char U+011B (decimal 283)
   defining Unicode char U+011C (decimal 284)
   defining Unicode char U+011D (decimal 285)
   defining Unicode char U+011E (decimal 286)
   defining Unicode char U+011F (decimal 287)
   defining Unicode char U+0120 (decimal 288)
   defining Unicode char U+0121 (decimal 289)
   defining Unicode char U+0122 (decimal 290)
   defining Unicode char U+0123 (decimal 291)
   defining Unicode char U+0124 (decimal 292)
   defining Unicode char U+0125 (decimal 293)
   defining Unicode char U+0128 (decimal 296)
   defining Unicode char U+0129 (decimal 297)
   defining Unicode char U+012A (decimal 298)
   defining Unicode char U+012B (decimal 299)
   defining Unicode char U+012C (decimal 300)
   defining Unicode char U+012D (decimal 301)
   defining Unicode char U+012E (decimal 302)
   defining Unicode char U+012F (decimal 303)
   defining Unicode char U+0130 (decimal 304)
   defining Unicode char U+0131 (decimal 305)
   defining Unicode char U+0132 (decimal 306)
   defining Unicode char U+0133 (decimal 307)
   defining Unicode char U+0134 (decimal 308)
   defining Unicode char U+0135 (decimal 309)
   defining Unicode char U+0136 (decimal 310)
   defining Unicode char U+0137 (decimal 311)
   defining Unicode char U+0139 (decimal 313)
   defining Unicode char U+013A (decimal 314)
   defining Unicode char U+013B (decimal 315)
   defining Unicode char U+013C (decimal 316)
   defining Unicode char U+013D (decimal 317)
   defining Unicode char U+013E (decimal 318)
   defining Unicode char U+0141 (decimal 321)
   defining Unicode char U+0142 (decimal 322)
   defining Unicode char U+0143 (decimal 323)
   defining Unicode char U+0144 (decimal 324)
   defining Unicode char U+0145 (decimal 325)
   defining Unicode char U+0146 (decimal 326)
   defining Unicode char U+0147 (decimal 327)
   defining Unicode char U+0148 (decimal 328)
   defining Unicode char U+014A (decimal 330)
   defining Unicode char U+014B (decimal 331)
   defining Unicode char U+014C (decimal 332)
   defining Unicode char U+014D (decimal 333)
   defining Unicode char U+014E (decimal 334)
   defining Unicode char U+014F (decimal 335)
   defining Unicode char U+0150 (decimal 336)
   defining Unicode char U+0151 (decimal 337)
   defining Unicode char U+0152 (decimal 338)
   defining Unicode char U+0153 (decimal 339)
   defining Unicode char U+0154 (decimal 340)
   defining Unicode char U+0155 (decimal 341)
   defining Unicode char U+0156 (decimal 342)
   defining Unicode char U+0157 (decimal 343)
   defining Unicode char U+0158 (decimal 344)
   defining Unicode char U+0159 (decimal 345)
   defining Unicode char U+015A (decimal 346)
   defining Unicode char U+015B (decimal 347)
   defining Unicode char U+015C (decimal 348)
   defining Unicode char U+015D (decimal 349)
   defining Unicode char U+015E (decimal 350)
   defining Unicode char U+015F (decimal 351)
   defining Unicode char U+0160 (decimal 352)
   defining Unicode char U+0161 (decimal 353)
   defining Unicode char U+0162 (decimal 354)
   defining Unicode char U+0163 (decimal 355)
   defining Unicode char U+0164 (decimal 356)
   defining Unicode char U+0165 (decimal 357)
   defining Unicode char U+0168 (decimal 360)
   defining Unicode char U+0169 (decimal 361)
   defining Unicode char U+016A (decimal 362)
   defining Unicode char U+016B (decimal 363)
   defining Unicode char U+016C (decimal 364)
   defining Unicode char U+016D (decimal 365)
   defining Unicode char U+016E (decimal 366)
   defining Unicode char U+016F (decimal 367)
   defining Unicode char U+0170 (decimal 368)
   defining Unicode char U+0171 (decimal 369)
   defining Unicode char U+0172 (decimal 370)
   defining Unicode char U+0173 (decimal 371)
   defining Unicode char U+0174 (decimal 372)
   defining Unicode char U+0175 (decimal 373)
   defining Unicode char U+0176 (decimal 374)
   defining Unicode char U+0177 (decimal 375)
   defining Unicode char U+0178 (decimal 376)
   defining Unicode char U+0179 (decimal 377)
   defining Unicode char U+017A (decimal 378)
   defining Unicode char U+017B (decimal 379)
   defining Unicode char U+017C (decimal 380)
   defining Unicode char U+017D (decimal 381)
   defining Unicode char U+017E (decimal 382)
   defining Unicode char U+01CD (decimal 461)
   defining Unicode char U+01CE (decimal 462)
   defining Unicode char U+01CF (decimal 463)
   defining Unicode char U+01D0 (decimal 464)
   defining Unicode char U+01D1 (decimal 465)
   defining Unicode char U+01D2 (decimal 466)
   defining Unicode char U+01D3 (decimal 467)
   defining Unicode char U+01D4 (decimal 468)
   defining Unicode char U+01E2 (decimal 482)
   defining Unicode char U+01E3 (decimal 483)
   defining Unicode char U+01E6 (decimal 486)
   defining Unicode char U+01E7 (decimal 487)
   defining Unicode char U+01E8 (decimal 488)
   defining Unicode char U+01E9 (decimal 489)
   defining Unicode char U+01EA (decimal 490)
   defining Unicode char U+01EB (decimal 491)
   defining Unicode char U+01F0 (decimal 496)
   defining Unicode char U+01F4 (decimal 500)
   defining Unicode char U+01F5 (decimal 501)
   defining Unicode char U+0218 (decimal 536)
   defining Unicode char U+0219 (decimal 537)
   defining Unicode char U+021A (decimal 538)
   defining Unicode char U+021B (decimal 539)
   defining Unicode char U+1E02 (decimal 7682)
   defining Unicode char U+1E03 (decimal 7683)
   defining Unicode char U+200C (decimal 8204)
   defining Unicode char U+2010 (decimal 8208)
   defining Unicode char U+2011 (decimal 8209)
   defining Unicode char U+2012 (decimal 8210)
   defining Unicode char U+2013 (decimal 8211)
   defining Unicode char U+2014 (decimal 8212)
   defining Unicode char U+2015 (decimal 8213)
   defining Unicode char U+2018 (decimal 8216)
   defining Unicode char U+2019 (decimal 8217)
   defining Unicode char U+201A (decimal 8218)
   defining Unicode char U+201C (decimal 8220)
   defining Unicode char U+201D (decimal 8221)
   defining Unicode char U+201E (decimal 8222)
   defining Unicode char U+2030 (decimal 8240)
   defining Unicode char U+2031 (decimal 8241)
   defining Unicode char U+2039 (decimal 8249)
   defining Unicode char U+203A (decimal 8250)
   defining Unicode char U+2423 (decimal 9251)
)
Now handling font encoding OT1 ...
... processing UTF-8 mapping file for font encoding OT1

("C:\Program Files\MiKTeX 2.9\tex\latex\base\ot1enc.dfu"
File: ot1enc.dfu 2016/02/28 v1.1s UTF-8 support for inputenc
   defining Unicode char U+00A0 (decimal 160)
   defining Unicode char U+00A1 (decimal 161)
   defining Unicode char U+00A3 (decimal 163)
   defining Unicode char U+00AD (decimal 173)
   defining Unicode char U+00B8 (decimal 184)
   defining Unicode char U+00BF (decimal 191)
   defining Unicode char U+00C5 (decimal 197)
   defining Unicode char U+00C6 (decimal 198)
   defining Unicode char U+00D8 (decimal 216)
   defining Unicode char U+00DF (decimal 223)
   defining Unicode char U+00E6 (decimal 230)
   defining Unicode char U+00EC (decimal 236)
   defining Unicode char U+00ED (decimal 237)
   defining Unicode char U+00EE (decimal 238)
   defining Unicode char U+00EF (decimal 239)
   defining Unicode char U+00F8 (decimal 248)
   defining Unicode char U+0131 (decimal 305)
   defining Unicode char U+0141 (decimal 321)
   defining Unicode char U+0142 (decimal 322)
   defining Unicode char U+0152 (decimal 338)
   defining Unicode char U+0153 (decimal 339)
   defining Unicode char U+0174 (decimal 372)
   defining Unicode char U+0175 (decimal 373)
   defining Unicode char U+0176 (decimal 374)
   defining Unicode char U+0177 (decimal 375)
   defining Unicode char U+0218 (decimal 536)
   defining Unicode char U+0219 (decimal 537)
   defining Unicode char U+021A (decimal 538)
   defining Unicode char U+021B (decimal 539)
   defining Unicode char U+2013 (decimal 8211)
   defining Unicode char U+2014 (decimal 8212)
   defining Unicode char U+2018 (decimal 8216)
   defining Unicode char U+2019 (decimal 8217)
   defining Unicode char U+201C (decimal 8220)
   defining Unicode char U+201D (decimal 8221)
)
Now handling font encoding OMS ...
... processing UTF-8 mapping file for font encoding OMS

("C:\Program Files\MiKTeX 2.9\tex\latex\base\omsenc.dfu"
File: omsenc.dfu 2016/02/28 v1.1s UTF-8 support for inputenc
   defining Unicode char U+00A7 (decimal 167)
   defining Unicode char U+00B6 (decimal 182)
   defining Unicode char U+00B7 (decimal 183)
   defining Unicode char U+2020 (decimal 8224)
   defining Unicode char U+2021 (decimal 8225)
   defining Unicode char U+2022 (decimal 8226)
)
Now handling font encoding OMX ...
... no UTF-8 mapping file for font encoding OMX
Now handling font encoding U ...
... no UTF-8 mapping file for font encoding U
Now handling font encoding T5 ...
... processing UTF-8 mapping file for font encoding T5

("C:\Program Files\MiKTeX 2.9\tex\latex\vntex\t5enc.dfu"
File: t5enc.dfu 2006/08/19 v1.1 UTF8 support for Vietnamese
   defining Unicode char U+00AB (decimal 171)
   defining Unicode char U+00BB (decimal 187)
   defining Unicode char U+00C0 (decimal 192)
   defining Unicode char U+00C1 (decimal 193)
   defining Unicode char U+00C2 (decimal 194)
   defining Unicode char U+00C3 (decimal 195)
   defining Unicode char U+00C8 (decimal 200)
   defining Unicode char U+00C9 (decimal 201)
   defining Unicode char U+00CA (decimal 202)
   defining Unicode char U+00CC (decimal 204)
   defining Unicode char U+00CD (decimal 205)
   defining Unicode char U+00D2 (decimal 210)
   defining Unicode char U+00D3 (decimal 211)
   defining Unicode char U+00D4 (decimal 212)
   defining Unicode char U+00D5 (decimal 213)
   defining Unicode char U+00D9 (decimal 217)
   defining Unicode char U+00DA (decimal 218)
   defining Unicode char U+00DD (decimal 221)
   defining Unicode char U+00E0 (decimal 224)
   defining Unicode char U+00E1 (decimal 225)
   defining Unicode char U+00E2 (decimal 226)
   defining Unicode char U+00E3 (decimal 227)
   defining Unicode char U+00E8 (decimal 232)
   defining Unicode char U+00E9 (decimal 233)
   defining Unicode char U+00EA (decimal 234)
   defining Unicode char U+00EC (decimal 236)
   defining Unicode char U+00ED (decimal 237)
   defining Unicode char U+00F2 (decimal 242)
   defining Unicode char U+00F3 (decimal 243)
   defining Unicode char U+00F4 (decimal 244)
   defining Unicode char U+00F5 (decimal 245)
   defining Unicode char U+00F9 (decimal 249)
   defining Unicode char U+00FA (decimal 250)
   defining Unicode char U+00FD (decimal 253)
   defining Unicode char U+0102 (decimal 258)
   defining Unicode char U+0103 (decimal 259)
   defining Unicode char U+0110 (decimal 272)
   defining Unicode char U+0111 (decimal 273)
   defining Unicode char U+0128 (decimal 296)
   defining Unicode char U+0129 (decimal 297)
   defining Unicode char U+0131 (decimal 305)
   defining Unicode char U+0168 (decimal 360)
   defining Unicode char U+0169 (decimal 361)
   defining Unicode char U+01A0 (decimal 416)
   defining Unicode char U+01A1 (decimal 417)
   defining Unicode char U+01AF (decimal 431)
   defining Unicode char U+01B0 (decimal 432)
   defining Unicode char U+1EA0 (decimal 7840)
   defining Unicode char U+1EA1 (decimal 7841)
   defining Unicode char U+1EA2 (decimal 7842)
   defining Unicode char U+1EA3 (decimal 7843)
   defining Unicode char U+1EA4 (decimal 7844)
   defining Unicode char U+1EA5 (decimal 7845)
   defining Unicode char U+1EA6 (decimal 7846)
   defining Unicode char U+1EA7 (decimal 7847)
   defining Unicode char U+1EA8 (decimal 7848)
   defining Unicode char U+1EA9 (decimal 7849)
   defining Unicode char U+1EAA (decimal 7850)
   defining Unicode char U+1EAB (decimal 7851)
   defining Unicode char U+1EAC (decimal 7852)
   defining Unicode char U+1EAD (decimal 7853)
   defining Unicode char U+1EAE (decimal 7854)
   defining Unicode char U+1EAF (decimal 7855)
   defining Unicode char U+1EB0 (decimal 7856)
   defining Unicode char U+1EB1 (decimal 7857)
   defining Unicode char U+1EB2 (decimal 7858)
   defining Unicode char U+1EB3 (decimal 7859)
   defining Unicode char U+1EB4 (decimal 7860)
   defining Unicode char U+1EB5 (decimal 7861)
   defining Unicode char U+1EB6 (decimal 7862)
   defining Unicode char U+1EB7 (decimal 7863)
   defining Unicode char U+1EB8 (decimal 7864)
   defining Unicode char U+1EB9 (decimal 7865)
   defining Unicode char U+1EBA (decimal 7866)
   defining Unicode char U+1EBB (decimal 7867)
   defining Unicode char U+1EBC (decimal 7868)
   defining Unicode char U+1EBD (decimal 7869)
   defining Unicode char U+1EBE (decimal 7870)
   defining Unicode char U+1EBF (decimal 7871)
   defining Unicode char U+1EC0 (decimal 7872)
   defining Unicode char U+1EC1 (decimal 7873)
   defining Unicode char U+1EC2 (decimal 7874)
   defining Unicode char U+1EC3 (decimal 7875)
   defining Unicode char U+1EC4 (decimal 7876)
   defining Unicode char U+1EC5 (decimal 7877)
   defining Unicode char U+1EC6 (decimal 7878)
   defining Unicode char U+1EC7 (decimal 7879)
   defining Unicode char U+1EC8 (decimal 7880)
   defining Unicode char U+1EC9 (decimal 7881)
   defining Unicode char U+1ECA (decimal 7882)
   defining Unicode char U+1ECB (decimal 7883)
   defining Unicode char U+1ECC (decimal 7884)
   defining Unicode char U+1ECD (decimal 7885)
   defining Unicode char U+1ECE (decimal 7886)
   defining Unicode char U+1ECF (decimal 7887)
   defining Unicode char U+1ED0 (decimal 7888)
   defining Unicode char U+1ED1 (decimal 7889)
   defining Unicode char U+1ED2 (decimal 7890)
   defining Unicode char U+1ED3 (decimal 7891)
   defining Unicode char U+1ED4 (decimal 7892)
   defining Unicode char U+1ED5 (decimal 7893)
   defining Unicode char U+1ED6 (decimal 7894)
   defining Unicode char U+1ED7 (decimal 7895)
   defining Unicode char U+1ED8 (decimal 7896)
   defining Unicode char U+1ED9 (decimal 7897)
   defining Unicode char U+1EDA (decimal 7898)
   defining Unicode char U+1EDB (decimal 7899)
   defining Unicode char U+1EDC (decimal 7900)
   defining Unicode char U+1EDD (decimal 7901)
   defining Unicode char U+1EDE (decimal 7902)
   defining Unicode char U+1EDF (decimal 7903)
   defining Unicode char U+1EE0 (decimal 7904)
   defining Unicode char U+1EE1 (decimal 7905)
   defining Unicode char U+1EE2 (decimal 7906)
   defining Unicode char U+1EE3 (decimal 7907)
   defining Unicode char U+1EE4 (decimal 7908)
   defining Unicode char U+1EE5 (decimal 7909)
   defining Unicode char U+1EE6 (decimal 7910)
   defining Unicode char U+1EE7 (decimal 7911)
   defining Unicode char U+1EE8 (decimal 7912)
   defining Unicode char U+1EE9 (decimal 7913)
   defining Unicode char U+1EEA (decimal 7914)
   defining Unicode char U+1EEB (decimal 7915)
   defining Unicode char U+1EEC (decimal 7916)
   defining Unicode char U+1EED (decimal 7917)
   defining Unicode char U+1EEE (decimal 7918)
   defining Unicode char U+1EEF (decimal 7919)
   defining Unicode char U+1EF0 (decimal 7920)
   defining Unicode char U+1EF1 (decimal 7921)
   defining Unicode char U+1EF2 (decimal 7922)
   defining Unicode char U+1EF3 (decimal 7923)
   defining Unicode char U+1EF4 (decimal 7924)
   defining Unicode char U+1EF5 (decimal 7925)
   defining Unicode char U+1EF6 (decimal 7926)
   defining Unicode char U+1EF7 (decimal 7927)
   defining Unicode char U+1EF8 (decimal 7928)
   defining Unicode char U+1EF9 (decimal 7929)
   defining Unicode char U+200C (decimal 8204)
   defining Unicode char U+2013 (decimal 8211)
   defining Unicode char U+2014 (decimal 8212)
   defining Unicode char U+2018 (decimal 8216)
   defining Unicode char U+2019 (decimal 8217)
   defining Unicode char U+201A (decimal 8218)
   defining Unicode char U+201C (decimal 8220)
   defining Unicode char U+201D (decimal 8221)
   defining Unicode char U+201E (decimal 8222)
   defining Unicode char U+2030 (decimal 8240)
   defining Unicode char U+2031 (decimal 8241)
   defining Unicode char U+2039 (decimal 8249)
   defining Unicode char U+203A (decimal 8250)
   defining Unicode char U+2423 (decimal 9251)
)
   defining Unicode char U+00A9 (decimal 169)
   defining Unicode char U+00AA (decimal 170)
   defining Unicode char U+00AE (decimal 174)
   defining Unicode char U+00BA (decimal 186)
   defining Unicode char U+02C6 (decimal 710)
   defining Unicode char U+02DC (decimal 732)
   defining Unicode char U+200C (decimal 8204)
   defining Unicode char U+2026 (decimal 8230)
   defining Unicode char U+2122 (decimal 8482)
   defining Unicode char U+2423 (decimal 9251)
))
("C:\Program Files\MiKTeX 2.9\tex\latex\vntex\vncaps.tex"
File: vncaps.tex 2006/06/07 v1.1 Captions in Vietnamese
))
("C:\Program Files\MiKTeX 2.9\tex\latex\tools\array.sty"
Package: array 2014/10/28 v2.4c Tabular extension package (FMi)
\col@sep=\dimen138
\extrarowheight=\dimen139
\NC@list=\toks30
\extratabsurround=\skip55
\backup@length=\skip56
)
("C:\Program Files\MiKTeX 2.9\tex\latex\oberdiek\epstopdf.sty"
Package: epstopdf 2016/05/15 v2.6 Conversion with epstopdf on the fly (HO)

("C:\Program Files\MiKTeX 2.9\tex\latex\oberdiek\epstopdf-base.sty"
Package: epstopdf-base 2016/05/15 v2.6 Base part for package epstopdf

("C:\Program Files\MiKTeX 2.9\tex\latex\oberdiek\grfext.sty"
Package: grfext 2016/05/16 v1.2 Manage graphics extensions (HO)

("C:\Program Files\MiKTeX 2.9\tex\generic\oberdiek\kvdefinekeys.sty"
Package: kvdefinekeys 2016/05/16 v1.4 Define keys (HO)
))
("C:\Program Files\MiKTeX 2.9\tex\latex\oberdiek\kvoptions.sty"
Package: kvoptions 2016/05/16 v3.12 Key value format for package options (HO)

("C:\Program Files\MiKTeX 2.9\tex\generic\oberdiek\kvsetkeys.sty"
Package: kvsetkeys 2016/05/16 v1.17 Key value parser (HO)

("C:\Program Files\MiKTeX 2.9\tex\generic\oberdiek\etexcmds.sty"
Package: etexcmds 2016/05/16 v1.6 Avoid name clashes with e-TeX commands (HO)

("C:\Program Files\MiKTeX 2.9\tex\generic\oberdiek\ifluatex.sty"
Package: ifluatex 2016/05/16 v1.4 Provides the ifluatex switch (HO)
Package ifluatex Info: LuaTeX not detected.
)
Package etexcmds Info: Could not find \expanded.
(etexcmds)             That can mean that you are not using pdfTeX 1.50 or
(etexcmds)             that some package has redefined \expanded.
(etexcmds)             In the latter case, load this package earlier.
)))
("C:\Program Files\MiKTeX 2.9\tex\generic\oberdiek\pdftexcmds.sty"
Package: pdftexcmds 2016/05/21 v0.22 Utility functions of pdfTeX for LuaTeX (HO
)
Package pdftexcmds Info: LuaTeX not detected.
Package pdftexcmds Info: \pdf@primitive is available.
Package pdftexcmds Info: \pdf@ifprimitive is available.
Package pdftexcmds Info: \pdfdraftmode found.
)
Package grfext Info: Graphics extension search list:
(grfext)             [.pdf,.jpeg,.png,.jpg,.eps]
(grfext)             \AppendGraphicsExtensions on input line 456.
))
("C:\Program Files\MiKTeX 2.9\tex\latex\ltxmisc\anysize.sty"
Package: anysize 1994/08/13 1.0 Contributed LaTeX2e package

Package: `anysize' 1.0 <1994/08/13>
\@Leftmargin=\dimen140
\@Rightmargin=\dimen141
\@Topmargin=\dimen142
\@Bottommargin=\dimen143
) ("C:\Program Files\MiKTeX 2.9\tex\latex\tools\multicol.sty"
Package: multicol 2016/04/07 v1.8p multicolumn formatting (FMi)
\c@tracingmulticols=\count112
\mult@box=\box29
\multicol@leftmargin=\dimen144
\c@unbalance=\count113
\c@collectmore=\count114
\doublecol@number=\count115
\multicoltolerance=\count116
\multicolpretolerance=\count117
\full@width=\dimen145
\page@free=\dimen146
\premulticols=\dimen147
\postmulticols=\dimen148
\multicolsep=\skip57
\multicolbaselineskip=\skip58
\partial@page=\box30
\last@line=\box31
\maxbalancingoverflow=\dimen149
\mult@rightbox=\box32
\mult@grightbox=\box33
\mult@gfirstbox=\box34
\mult@firstbox=\box35
\@tempa=\box36
\@tempa=\box37
\@tempa=\box38
\@tempa=\box39
\@tempa=\box40
\@tempa=\box41
\@tempa=\box42
\@tempa=\box43
\@tempa=\box44
\@tempa=\box45
\@tempa=\box46
\@tempa=\box47
\@tempa=\box48
\@tempa=\box49
\@tempa=\box50
\@tempa=\box51
\@tempa=\box52
\c@columnbadness=\count118
\c@finalcolumnbadness=\count119
\last@try=\dimen150
\multicolovershoot=\dimen151
\multicolundershoot=\dimen152
\mult@nat@firstbox=\box53
\colbreak@box=\box54
\mc@col@check@num=\count120
)
("C:\Program Files\MiKTeX 2.9\tex\latex\preprint\balance.sty"
Package: balance 1999/02/23 4.3 (PWD)
\oldvsize=\dimen153
)
\c@theorem=\count121
\c@proposition=\count122
 (BaocaoDIP.aux
(Abbr.aux))
\openout1 = `BaocaoDIP.aux'.

LaTeX Font Info:    Checking defaults for OML/cmm/m/it on input line 80.
LaTeX Font Info:    ... okay on input line 80.
LaTeX Font Info:    Checking defaults for T1/cmr/m/n on input line 80.
LaTeX Font Info:    ... okay on input line 80.
LaTeX Font Info:    Checking defaults for OT1/cmr/m/n on input line 80.
LaTeX Font Info:    ... okay on input line 80.
LaTeX Font Info:    Checking defaults for OMS/cmsy/m/n on input line 80.
LaTeX Font Info:    ... okay on input line 80.
LaTeX Font Info:    Checking defaults for OMX/cmex/m/n on input line 80.
LaTeX Font Info:    ... okay on input line 80.
LaTeX Font Info:    Checking defaults for U/cmr/m/n on input line 80.
LaTeX Font Info:    ... okay on input line 80.
LaTeX Font Info:    Checking defaults for T5/cmr/m/n on input line 80.
LaTeX Font Info:    Try loading font information for T5+cmr on input line 80.
 ("C:\Program Files\MiKTeX 2.9\tex\latex\vntex\t5cmr.fd"
File: t5cmr.fd 1999/05/25 v2.5h Standard LaTeX font definitions
)
LaTeX Font Info:    ... okay on input line 80.
LaTeX Font Info:    Font shape `T5/ptm/bx/n' in size <5> not available
(Font)              Font shape `T5/ptm/b/n' tried instead on input line 80.
LaTeX Font Info:    Font shape `T5/ptm/bx/it' in size <5> not available
(Font)              Font shape `T5/ptm/b/it' tried instead on input line 80.
LaTeX Font Info:    Font shape `T5/ptm/bx/n' in size <7> not available
(Font)              Font shape `T5/ptm/b/n' tried instead on input line 80.
LaTeX Font Info:    Font shape `T5/ptm/bx/it' in size <7> not available
(Font)              Font shape `T5/ptm/b/it' tried instead on input line 80.
LaTeX Font Info:    Font shape `T5/ptm/bx/n' in size <8> not available
(Font)              Font shape `T5/ptm/b/n' tried instead on input line 80.
LaTeX Font Info:    Font shape `T5/ptm/bx/it' in size <8> not available
(Font)              Font shape `T5/ptm/b/it' tried instead on input line 80.
LaTeX Font Info:    Font shape `T5/ptm/bx/n' in size <9> not available
(Font)              Font shape `T5/ptm/b/n' tried instead on input line 80.
LaTeX Font Info:    Font shape `T5/ptm/bx/it' in size <9> not available
(Font)              Font shape `T5/ptm/b/it' tried instead on input line 80.
LaTeX Font Info:    Font shape `T5/ptm/bx/n' in size <10> not available
(Font)              Font shape `T5/ptm/b/n' tried instead on input line 80.
LaTeX Font Info:    Font shape `T5/ptm/bx/it' in size <10> not available
(Font)              Font shape `T5/ptm/b/it' tried instead on input line 80.
LaTeX Font Info:    Font shape `T5/ptm/bx/n' in size <11> not available
(Font)              Font shape `T5/ptm/b/n' tried instead on input line 80.
LaTeX Font Info:    Font shape `T5/ptm/bx/it' in size <11> not available
(Font)              Font shape `T5/ptm/b/it' tried instead on input line 80.
LaTeX Font Info:    Font shape `T5/ptm/bx/n' in size <12> not available
(Font)              Font shape `T5/ptm/b/n' tried instead on input line 80.
LaTeX Font Info:    Font shape `T5/ptm/bx/it' in size <12> not available
(Font)              Font shape `T5/ptm/b/it' tried instead on input line 80.
LaTeX Font Info:    Font shape `T5/ptm/bx/n' in size <17> not available
(Font)              Font shape `T5/ptm/b/n' tried instead on input line 80.
LaTeX Font Info:    Font shape `T5/ptm/bx/it' in size <17> not available
(Font)              Font shape `T5/ptm/b/it' tried instead on input line 80.
LaTeX Font Info:    Font shape `T5/ptm/bx/n' in size <20> not available
(Font)              Font shape `T5/ptm/b/n' tried instead on input line 80.
LaTeX Font Info:    Font shape `T5/ptm/bx/it' in size <20> not available
(Font)              Font shape `T5/ptm/b/it' tried instead on input line 80.
LaTeX Font Info:    Font shape `T5/ptm/bx/n' in size <24> not available
(Font)              Font shape `T5/ptm/b/n' tried instead on input line 80.
LaTeX Font Info:    Font shape `T5/ptm/bx/it' in size <24> not available
(Font)              Font shape `T5/ptm/b/it' tried instead on input line 80.
Package caption Info: Begin \AtBeginDocument code.
Package caption3 Info: subfig package 1.2 or 1.3 is loaded.
LaTeX Info: Redefining \subref on input line 80.
Package caption Info: End \AtBeginDocument code.

("C:\Program Files\MiKTeX 2.9\tex\context\base\supp-pdf.mkii"
[Loading MPS to PDF converter (version 2006.09.02).]
\scratchcounter=\count123
\scratchdimen=\dimen154
\scratchbox=\box55
\nofMPsegments=\count124
\nofMParguments=\count125
\everyMPshowfont=\toks31
\MPscratchCnt=\count126
\MPscratchDim=\dimen155
\MPnumerator=\count127
\everyMPtoPDFconversion=\toks32
)
\openout2 = `Abbr.aux'.

 (Abbr.tex)
LaTeX Font Info:    Calculating math sizes for size <11> on input line 110.
LaTeX Font Info:    Try loading font information for U+msa on input line 110.
 ("C:\Program Files\MiKTeX 2.9\tex\latex\amsfonts\umsa.fd"
File: umsa.fd 2013/01/14 v3.01 AMS symbols A
)
LaTeX Font Info:    Try loading font information for U+msb on input line 110.

("C:\Program Files\MiKTeX 2.9\tex\latex\amsfonts\umsb.fd"
File: umsb.fd 2013/01/14 v3.01 AMS symbols B
)
LaTeX Font Info:    Try loading font information for U+lasy on input line 110.

("C:\Program Files\MiKTeX 2.9\tex\latex\base\ulasy.fd"
File: ulasy.fd 1998/08/17 v2.2e LaTeX symbol font definitions
)
<scheme2.png, id=1, 561.89925pt x 424.58624pt>
File: scheme2.png Graphic file (type png)
 <use scheme2.png>
Package pdftex.def Info: scheme2.png used on input line 140.
(pdftex.def)             Requested size: 227.19528pt x 171.67142pt.
 [1{C:/ProgramData/MiKTeX/2.9/pdftex/config/pdftex.map}




]
<sobel1.png, id=10, 202.356pt x 124.7862pt>
File: sobel1.png Graphic file (type png)
 <use sobel1.png>
Package pdftex.def Info: sobel1.png used on input line 193.
(pdftex.def)             Requested size: 159.036pt x 98.07732pt.

<sobel2.png, id=12, 241.3818pt x 113.223pt>
File: sobel2.png Graphic file (type png)
 <use sobel2.png>
Package pdftex.def Info: sobel2.png used on input line 196.
(pdftex.def)             Requested size: 159.036pt x 74.59955pt.

<"scharr kernel".png, id=13, 129.1224pt x 104.5506pt>
File: "scharr kernel".png Graphic file (type png)

<use "scharr kernel".png>
Package pdftex.def Info: "scharr kernel".png used on input line 199.
(pdftex.def)             Requested size: 129.12209pt x 104.5599pt.

<"gradient vector".png, id=14, 182.6022pt x 177.7842pt>
File: "gradient vector".png Graphic file (type png)

<use "gradient vector".png>
Package pdftex.def Info: "gradient vector".png used on input line 212.
(pdftex.def)             Requested size: 182.60175pt x 177.78915pt.
 [2 <./scheme2.png (PNG copy)> <./sobel1.png> <./sobel2.png> <./scharr kernel.p
ng>]
<"gradient vector2".png, id=30, 422.5386pt x 194.6472pt>
File: "gradient vector2".png Graphic file (type png)

<use "gradient vector2".png>
Package pdftex.def Info: "gradient vector2".png used on input line 225.
(pdftex.def)             Requested size: 227.19528pt x 104.65942pt.

<"histogram gradient".png, id=31, 310.2792pt x 219.7008pt>
File: "histogram gradient".png Graphic file (type png)

<use "histogram gradient".png>
Package pdftex.def Info: "histogram gradient".png used on input line 234.
(pdftex.def)             Requested size: 227.19528pt x 160.87639pt.

<"histogram gradient1".png, id=32, 306.4248pt x 217.2918pt>
File: "histogram gradient1".png Graphic file (type png)

<use "histogram gradient1".png>
Package pdftex.def Info: "histogram gradient1".png used on input line 246.
(pdftex.def)             Requested size: 227.19528pt x 161.10837pt.

<"histogram gradient2".png, id=33, 268.3626pt x 154.6578pt>
File: "histogram gradient2".png Graphic file (type png)

<use "histogram gradient2".png>
Package pdftex.def Info: "histogram gradient2".png used on input line 255.
(pdftex.def)             Requested size: 227.19528pt x 130.93349pt.
 [3 <./gradient vector.png> <./gradient vector2.png> <./histogram gradient.png>
 <./histogram gradient1.png>]
<"normalize block".png, id=41, 357.9774pt x 262.581pt>
File: "normalize block".png Graphic file (type png)

<use "normalize block".png>
Package pdftex.def Info: "normalize block".png used on input line 266.
(pdftex.def)             Requested size: 227.19528pt x 166.65292pt.

Underfull \hbox (badness 1742) in paragraph at lines 273--274
[]\T5/ptm/m/n/10 Sau â chu©n ho¡ ar-ray tr¶n, vîi ar-ray $\OML/cmm/m/it/10 x \
OT1/cmr/m/n/10 =
 []

<"gradient vector 3".png, id=42, 267.399pt x 136.3494pt>
File: "gradient vector 3".png Graphic file (type png)

<use "gradient vector 3".png>
Package pdftex.def Info: "gradient vector 3".png used on input line 281.
(pdftex.def)             Requested size: 227.19528pt x 115.85175pt.

Underfull \hbox (badness 10000) in paragraph at lines 275--285

 []


Underfull \hbox (badness 10000) in paragraph at lines 275--285

 []

<HOG.png, id=43, 360.59718pt x 442.65375pt>
File: HOG.png Graphic file (type png)
 <use HOG.png>
Package pdftex.def Info: HOG.png used on input line 288.
(pdftex.def)             Requested size: 166.56999pt x 204.47437pt.

<data.png, id=44, 453.3738pt x 211.992pt>
File: data.png Graphic file (type png)
 <use data.png>
Package pdftex.def Info: data.png used on input line 299.
(pdftex.def)             Requested size: 227.19528pt x 106.23509pt.

<data3.png, id=45, 1111.15125pt x 528.97626pt>
File: data3.png Graphic file (type png)
 <use data3.png>
Package pdftex.def Info: data3.png used on input line 303.
(pdftex.def)             Requested size: 227.19406pt x 113.59853pt.

<data2.png, id=46, 351.56343pt x 351.56343pt>
File: data2.png Graphic file (type png)
 <use data2.png>
Package pdftex.def Info: data2.png used on input line 307.
(pdftex.def)             Requested size: 227.19386pt x 181.75188pt.
 [4 <./histogram gradient2.png> <./normalize block.png> <./gradient vector 3.pn
g> <./HOG.png>]
<svm.png, id=53, 453.3738pt x 144.54pt>
File: svm.png Graphic file (type png)
 <use svm.png>
Package pdftex.def Info: svm.png used on input line 321.
(pdftex.def)             Requested size: 227.19826pt x 136.32634pt.

Underfull \hbox (badness 10000) in paragraph at lines 326--328

 []

[5 <./data.png> <./data3.png> <./data2.png> <./svm.png>]
Underfull \hbox (badness 4378) in paragraph at lines 343--345
\T5/ptm/m/n/10 Khæng m§t t½nh têng qu¡t, ta câ thº gi£ sû:
 []


Underfull \hbox (badness 2818) in paragraph at lines 343--345
[] [] \OT1/cmr/m/n/10 = 1$ \T5/ptm/m/n/10 vîi nhúng iºm n¬m g¦n
 []


Underfull \hbox (badness 10000) in paragraph at lines 343--345

 []


Overfull \hbox (2.62515pt too wide) detected at line 350
\OML/cmm/m/it/10 subject  to \OT1/cmr/m/n/10 :    [] [] \OMS/cmsy/m/n/10  \OT1
/cmr/m/n/10 1\OML/cmm/m/it/10 ;   \OMS/cmsy/m/n/10 8\OML/cmm/m/it/10 n \OT1/cmr
/m/n/10 = 1\OML/cmm/m/it/10 ; \OT1/cmr/m/n/10 2\OML/cmm/m/it/10 ; ::; N     []
 []


Overfull \hbox (23.18082pt too wide) detected at line 355
[]
 []

<"window sizes".png, id=61, 236.5638pt x 126.2316pt>
File: "window sizes".png Graphic file (type png)
 <use "window sizes".png>
Package pdftex.def Info: "window sizes".png used on input line 371.
(pdftex.def)             Requested size: 227.19528pt x 121.23102pt.

<"sliding window".png, id=62, 364.9635pt x 215.00325pt>
File: "sliding window".png Graphic file (type png)

<use "sliding window".png>
Package pdftex.def Info: "sliding window".png used on input line 377.
(pdftex.def)             Requested size: 227.19528pt x 133.84521pt.
 <heatmap2.png, id=63, 390.70969pt x 484.05844pt>
File: heatmap2.png Graphic file (type png)

<use heatmap2.png>
Package pdftex.def Info: heatmap2.png used on input line 388.
(pdftex.def)             Requested size: 227.19528pt x 281.47792pt.
 [6 <./window sizes.png> <./sliding window.png>]
<ketqua1.png, id=69, 600.3228pt x 394.5942pt>
File: ketqua1.png Graphic file (type png)
 <use ketqua1.png>
Package pdftex.def Info: ketqua1.png used on input line 401.
(pdftex.def)             Requested size: 227.19069pt x 68.15788pt.

<ketqua2.png, id=70, 651.3936pt x 430.7292pt>
File: ketqua2.png Graphic file (type png)
 <use ketqua2.png>
Package pdftex.def Info: ketqua2.png used on input line 407.
(pdftex.def)             Requested size: 227.18608pt x 121.93097pt.


LaTeX Warning: `h' float specifier changed to `ht'.

<ketqua3.png, id=71, 596.4684pt x 396.0396pt>
File: ketqua3.png Graphic file (type png)
 <use ketqua3.png>
Package pdftex.def Info: ketqua3.png used on input line 415.
(pdftex.def)             Requested size: 227.19733pt x 121.93102pt.

<ketqua4.png, id=72, 563.706pt x 367.1316pt>
File: ketqua4.png Graphic file (type png)
 <use ketqua4.png>
Package pdftex.def Info: ketqua4.png used on input line 424.
(pdftex.def)             Requested size: 227.1901pt x 121.93246pt.

Underfull \vbox (badness 2538) has occurred while \output is active []

 [7 <./heatmap2.png> <./ketqua1.png> <./ketqua2.png> <./ketqua3.png> <./ketqua4
.png>]
(BaocaoDIP.bbl
Underfull \hbox (badness 5147) in paragraph at lines 27--29
\T5/ptm/m/n/10 of ori-ented gra-di-ents), "https://viblo.asia/p/tim-
 []


Underfull \hbox (badness 10000) in paragraph at lines 27--29
\T5/ptm/m/n/10 hieu-ve-hoghistogram-of-oriented-gradients-
 []


Underfull \hbox (badness 7777) in paragraph at lines 31--33
[]\T5/ptm/m/n/10 Satya Mallick, His-togram of Ori-ented Gra-
 []


Underfull \hbox (badness 10000) in paragraph at lines 35--36
[]\T5/ptm/m/n/10 "Support Vec-tor Ma-chine", ma-chine-learn-ing-
 []

)

** Conference Paper **
Before submitting the final camera ready copy, remember to:

 1. Manually equalize the lengths of two columns on the last page
 of your paper;

 2. Ensure that any PostScript and/or PDF output post-processing
 uses only Type 1 fonts and that every step in the generation
 process uses the appropriate paper size.

[8

] (BaocaoDIP.aux (Abbr.aux)) ) 
Here is how much of TeX's memory you used:
 5774 strings out of 493335
 82526 string characters out of 3139260
 149906 words of memory out of 3000000
 9149 multiletter control sequences out of 15000+200000
 131189 words of font info for 135 fonts, out of 3000000 for 9000
 1144 hyphenation exceptions out of 8191
 44i,14n,45p,1340b,356s stack positions out of 5000i,500n,10000p,200000b,50000s
{C:/Program Files/MiKTeX 2.9/fonts/enc/dvips/font
name/t5.enc}<C:/Program Files/MiKTeX 2.9/fonts/type1/public/amsfonts/cm/cmex10.
pfb><C:/Program Files/MiKTeX 2.9/fonts/type1/public/amsfonts/cm/cmmi10.pfb><C:/
Program Files/MiKTeX 2.9/fonts/type1/public/amsfonts/cm/cmmi5.pfb><C:/Program F
iles/MiKTeX 2.9/fonts/type1/public/amsfonts/cm/cmmi7.pfb><C:/Program Files/MiKT
eX 2.9/fonts/type1/public/amsfonts/cm/cmr10.pfb><C:/Program Files/MiKTeX 2.9/fo
nts/type1/public/amsfonts/cm/cmr5.pfb><C:/Program Files/MiKTeX 2.9/fonts/type1/
public/amsfonts/cm/cmr7.pfb><C:/Program Files/MiKTeX 2.9/fonts/type1/public/ams
fonts/cm/cmsy10.pfb><C:/Program Files/MiKTeX 2.9/fonts/type1/public/amsfonts/cm
/cmsy7.pfb><C:/Program Files/MiKTeX 2.9/fonts/type1/public/amsfonts/cm/cmsy8.pf
b><C:/Program Files/MiKTeX 2.9/fonts/type1/vntex/urwvn/utmb8v.pfb><C:/Program F
iles/MiKTeX 2.9/fonts/type1/vntex/urwvn/utmbi8v.pfb><C:/Program Files/MiKTeX 2.
9/fonts/type1/vntex/urwvn/utmr8v.pfb><C:/Program Files/MiKTeX 2.9/fonts/type1/v
ntex/urwvn/utmri8v.pfb>
Output written on BaocaoDIP.pdf (8 pages, 9797000 bytes).
PDF statistics:
 130 PDF objects out of 1000 (max. 8388607)
 0 named destinations out of 1000 (max. 500000)
 116 words of extra memory for PDF output out of 10000 (max. 10000000)

